<?xml version="1.0" encoding="UTF-8"?>
<testng-results ignored="0" total="1" passed="1" failed="0" skipped="0">
  <reporter-output>
  </reporter-output>
  <suite started-at="2023-01-31T19:39:27 IST" name="Default suite" finished-at="2023-01-31T19:40:01 IST" duration-ms="33898">
    <groups>
    </groups>
    <test started-at="2023-01-31T19:39:27 IST" name="Default test" finished-at="2023-01-31T19:40:01 IST" duration-ms="33898">
      <class name="testngSample.MouseDragAndDrop">
        <test-method is-config="true" signature="beforeMethod()[pri:0, instance:testngSample.MouseDragAndDrop@4d5650ae]" started-at="2023-01-31T19:39:27 IST" name="beforeMethod" finished-at="2023-01-31T19:40:01 IST" duration-ms="33471" status="PASS">
          <reporter-output>
          </reporter-output>
        </test-method> <!-- beforeMethod -->
        <test-method signature="f()[pri:0, instance:testngSample.MouseDragAndDrop@4d5650ae]" started-at="2023-01-31T19:40:01 IST" name="f" finished-at="2023-01-31T19:40:01 IST" duration-ms="360" status="PASS">
          <reporter-output>
          </reporter-output>
        </test-method> <!-- f -->
        <test-method is-config="true" signature="afterMethod()[pri:0, instance:testngSample.MouseDragAndDrop@4d5650ae]" started-at="2023-01-31T19:40:01 IST" name="afterMethod" finished-at="2023-01-31T19:40:01 IST" duration-ms="1" status="PASS">
          <reporter-output>
          </reporter-output>
        </test-method> <!-- afterMethod -->
      </class> <!-- testngSample.MouseDragAndDrop -->
    </test> <!-- Default test -->
  </suite> <!-- Default suite -->
</testng-results>
