<?xml version="1.0" encoding="UTF-8"?>
<testng-results ignored="2" total="3" passed="1" failed="0" skipped="0">
  <reporter-output>
  </reporter-output>
  <suite started-at="2023-01-17T11:01:57 IST" name="Default suite" finished-at="2023-01-17T11:02:06 IST" duration-ms="8861">
    <groups>
    </groups>
    <test started-at="2023-01-17T11:01:57 IST" name="Default test" finished-at="2023-01-17T11:02:06 IST" duration-ms="8861">
      <class name="testngSample.TableXpath">
        <test-method is-config="true" signature="beforeMethod()[pri:0, instance:testngSample.TableXpath@6221a451]" started-at="2023-01-17T11:01:57 IST" name="beforeMethod" finished-at="2023-01-17T11:02:02 IST" duration-ms="5434" status="PASS">
          <reporter-output>
          </reporter-output>
        </test-method> <!-- beforeMethod -->
        <test-method signature="displayingClientDetailsofTom()[pri:2, instance:testngSample.TableXpath@6221a451]" started-at="2023-01-17T11:02:02 IST" name="displayingClientDetailsofTom" finished-at="2023-01-17T11:02:05 IST" duration-ms="3018" status="PASS">
          <reporter-output>
          </reporter-output>
        </test-method> <!-- displayingClientDetailsofTom -->
        <test-method is-config="true" signature="afterMethod()[pri:0, instance:testngSample.TableXpath@6221a451]" started-at="2023-01-17T11:02:05 IST" name="afterMethod" finished-at="2023-01-17T11:02:06 IST" duration-ms="349" status="PASS">
          <reporter-output>
          </reporter-output>
        </test-method> <!-- afterMethod -->
      </class> <!-- testngSample.TableXpath -->
    </test> <!-- Default test -->
  </suite> <!-- Default suite -->
</testng-results>
