<?xml version="1.0" encoding="UTF-8"?>
<!-- Generated by org.testng.reporters.JUnitXMLReporter -->
<testsuite ignored="3" hostname="Thiruvonam" failures="0" tests="1" name="Default test" time="3.617" errors="0" timestamp="2023-02-10T13:52:51 IST">
  <testcase classname="executeClass.LoginPageTestClass" name="varifyRememberMeCheckBoxIsSelectByDefault" time="0.053"/>
  <testcase classname="executeClass.LoginPageTestClass" name="varifyTheLoginPageIsDisplayedByHittingTheUrl" time="0.0">
    <ignored/>
  </testcase> <!-- varifyTheLoginPageIsDisplayedByHittingTheUrl -->
  <testcase classname="executeClass.LoginPageTestClass" name="varifyUnSuccessfulLogin" time="0.0">
    <ignored/>
  </testcase> <!-- varifyUnSuccessfulLogin -->
  <testcase classname="executeClass.LoginPageTestClass" name="varifySuccessfulLogin" time="0.0">
    <ignored/>
  </testcase> <!-- varifySuccessfulLogin -->
</testsuite> <!-- Default test -->
