<?xml version="1.0" encoding="UTF-8"?>
<!-- Generated by org.testng.reporters.JUnitXMLReporter -->
<testsuite ignored="2" hostname="Thiruvonam" failures="0" tests="1" name="Default test" time="8.861" errors="0" timestamp="2023-01-17T11:02:06 IST">
  <testcase classname="testngSample.TableXpath" name="displayingClientDetailsofTom" time="3.018"/>
  <testcase classname="testngSample.TableXpath" name="varifySearchFunctionalityByUsingClientName" time="0.0">
    <ignored/>
  </testcase> <!-- varifySearchFunctionalityByUsingClientName -->
  <testcase classname="testngSample.TableXpath" name="displayingClientDetails" time="0.0">
    <ignored/>
  </testcase> <!-- displayingClientDetails -->
</testsuite> <!-- Default test -->
